2014-01-10 11:25:49,492 - sauce_connect:0 - INFO - GET https://rubygems.org/stylesheets/all.css?1388796130 -> 200 (73ms)
2014-01-10 11:25:49,635 - sauce_connect:0 - INFO - GET https://rubygems.org/images/sponsors/rubycentral.png?1388796130 -> 200 (113ms)
2014-01-10 11:25:49,844 - sauce_connect:0 - INFO - GET https://rubygems.org/images/sponsors/bluebox.png?1388796130 -> 200 (265ms)
2014-01-10 11:25:49,844 - sauce_connect:0 - INFO - GET https://rubygems.org/images/sponsors/gauges.png?1388796130 -> 200 (72ms)
2014-01-10 11:25:49,846 - sauce_connect:0 - INFO - GET https://rubygems.org/images/sponsors/dnsimple.png?1388796130 -> 200 (270ms)
2014-01-10 11:25:49,900 - sauce_connect:0 - INFO - GET https://rubygems.org/images/sponsors/thoughtbot.png?1388796130 -> 200 (322ms)
2014-01-10 11:25:49,905 - sauce_connect:0 - INFO - GET https://rubygems.org/images/sponsors/newrelic.png?1388796130 -> 200 (299ms)
2014-01-10 11:25:50,026 - sauce_connect:0 - INFO - GET https://rubygems.org/images/sponsors/stillalive.png?1388796130 -> 200 (80ms)
2014-01-10 11:25:50,026 - sauce_connect:0 - INFO - GET https://rubygems.org/images/sponsors/stillalive_hover.png?1388796130 -> 200 (104ms)
2014-01-10 11:25:50,053 - sauce_connect:0 - INFO - GET https://rubygems.org/images/top.png -> 200 (78ms)
2014-01-10 11:25:50,058 - sauce_connect:0 - INFO - GET https://rubygems.org/images/logo.png -> 200 (82ms)
2014-01-10 11:25:50,095 - sauce_connect:0 - INFO - GET https://rubygems.org/images/nav-cap.png -> 200 (74ms)
2014-01-10 11:25:50,371 - sauce_connect:0 - INFO - GET https://rubygems.org/images/search.png -> 200 (121ms)
2014-01-10 11:25:50,371 - sauce_connect:0 - INFO - GET https://rubygems.org/images/nav.png -> 200 (173ms)
2014-01-10 11:25:50,388 - sauce_connect:0 - INFO - GET https://rubygems.org/javascripts/all.js?1388796130 -> 200 (810ms)
2014-01-10 11:25:50,453 - sauce_connect:0 - INFO - GET https://rubygems.org/images/bullet-directory.png -> 200 (110ms)
2014-01-10 11:25:50,499 - sauce_connect:0 - INFO - GET https://rubygems.org/images/nav-sprite.png -> 200 (249ms)
2014-01-10 11:25:51,644 - sauce_connect:0 - INFO - GET https://secure.gaug.es/track.js -> 200 (980ms)
2014-01-10 11:25:51,809 - sauce_connect:0 - INFO - GET https://rubygems.org/opensearch.xml -> 200 (75ms)
2014-01-10 11:25:51,831 - sauce_connect:0 - INFO - GET https://rubygems.org/favicon.ico -> 200 (72ms)
2014-01-10 11:25:51,858 - sauce_connect:0 - INFO - GET https://secure.gaug.es/track.gif?h[site_id]=4eab0ac8613f5d1583000005&h[resource]=https%3A%2F%2Frubygems.org%2Fsearch%3Fquery%3Dsauce&h[referrer]=https%3A%2F%2Fduckduckgo.com%2F&h[title]=search%20%7C%20RubyGems.org%20%7C%20your%20community%20gem%20host&h[user_agent]=Mozilla%2F5.0%20(Macintosh%3B%20Intel%20Mac%20OS%20X%2010_6_8)%20AppleWebKit%2F537.36%20(KHTML%2C%20like%20Gecko)%20Chrome%2F28.0.1500.95%20Safari%2F537.36&h[unique]=1&h[unique_hour]=1&h[unique_day]=1&h[unique_month]=1&h[unique_year]=1&h[screenx]=1024&h[browserx]=980&h[browsery]=671&timestamp=1389381611580 -> 200 (125ms)
2014-01-10 11:26:11,188 - sauce_connect:0 - INFO - GET https://www.google.com/ -> 200 (937ms)
2014-01-10 11:26:11,618 - sauce_connect:0 - INFO - GET https://www.google.com/images/srpr/logo11w.png -> 200 (65ms)
2014-01-10 11:26:12,305 - sauce_connect:0 - INFO - GET https://www.google.com/xjs/_/js/k=xjs.s.en_US.4qum5mEE-zE.O/m=c,sb,cr,jp,jsa,elog,r,hsm,j,p,pcc,csi/am=OAQAPAU/rt=j/d=1/sv=1/rs=AItRSTMfJbiRZONIWxrr_R8XFXL_lYQc-w -> 200 (726ms)
2014-01-10 11:26:12,657 - sauce_connect:0 - INFO - GET https://ssl.gstatic.com/gb/images/v1_53a1fa6a.png -> 200 (1123ms)
2014-01-10 11:26:12,845 - sauce_connect:0 - INFO - GET https://www.gstatic.com/og/_/js/k=og.og.en_US.sKkAlMsNbYM.O/rt=j/m=sy19,sy20,sy21,sy22,sy23,d,ld,gl,sy25,is,sy24,id,nb,nw,sb,sd,p,vd,awd,st,ip,dp/rs=AItRSTNm6Bcgz93oEBmPLT_kvKwA8UUQkQ -> 200 (975ms)
2014-01-10 11:26:13,144 - sauce_connect:0 - INFO - GET https://www.google.com/extern_chrome/65ffaafa5127b7b6.js?bav=on.2,or.r_qf. -> 200 (298ms)
2014-01-10 11:26:13,503 - sauce_connect:0 - INFO - GET https://www.google.com/textinputassistant/tia.png -> 200 (407ms)
2014-01-10 11:26:13,891 - sauce_connect:0 - INFO - GET https://www.google.com/xjs/_/js/k=xjs.s.en_US.4qum5mEE-zE.O/m=sy15,cdos,sy33,gf,vm,sy40,sy65,sy66,sy200,tbui,sy108,sy174,cfm,sy72,sy43,sy47,sy73,sy41,sy44,sy48,sy54,sy58,sy74,sy77,sy21,sy109,sy83,sy84,sy39,sy55,sy57,sy59,sy75,sy76,sy112,sy80,sy82,sy45,sy56,sy78,sy110,sy111,sy113,sy114,sy115,actn,abd,sy63,sy35,sy79,sy81,sy86,sy60,sy61,sy53,sy62,sy64,sy67,sy68,sy88,sy71,sy69,sy85,sy87,sy91,sy90,sy52,llc,foot,idck,ifl,sy183,sy185,lu,imap,sy187,m,me,sy153,sy152,sy165,sy154,em2,em3,em4,sy198,tnv,sy46,sy42,ttbcdr,sy116,adp,sy129,async,erh,sy92,hv,sy93,jsaleg,sy97,sy98,kp,lc,sf,sy168,sfa,sy101,sy102,sy103,sy100,sy99,sy105,tabs,tbpr,sy126,tr/am=OAQAPAU/rt=j/d=0/sv=1/rs=AItRSTMfJbiRZONIWxrr_R8XFXL_lYQc-w -> 200 (1009ms)
2014-01-10 11:26:14,243 - sauce_connect:0 - INFO - GET https://apis.google.com/_/scs/abc-static/_/js/k=gapi.gapi.en.I0NvoiTw9Sc.O/m=gapi_iframes,googleapis_client,plusone/rt=j/sv=1/d=1/ed=1/rs=AItRSTN0KHQRSmqAclRW-3EaIn9B2L_0Fw/cb=gapi.loaded_0 -> 200 (809ms)
2014-01-10 11:26:14,648 - sauce_connect:0 - INFO - GET https://www.google.com/favicon.ico -> 200 (41ms)
2014-01-10 11:26:14,694 - sauce_connect:0 - INFO - GET https://www.google.com/images/nav_logo170.png -> 200 (87ms)
2014-01-10 11:26:14,697 - sauce_connect:0 - INFO - GET https://www.google.com/gen_204?v=3&s=webhp&action=&srt=1372&e=17259,4000116,4007278,4007661,4007830,4008067,4008133,4008142,4009016,4009033,4009103,4009344,4009352,4009565,4009641,4010073,4010272,4010806,4010858,4010899,4011063,4011228,4011258,4011524,4011550,4011551,4011557,4011558,4011559,4011863,4012001,4012096,4012275,4012316,4012318,4012320,4012342,4012365,4012415,4012524,4012526,4012538,4012547,4012708,4012709,4012851,4012869,4012901,4012902,4013105,4013140,4013312,4013374,4013378,4013414,4013416,4013434,4013474,4013513,4013567,4013667,4013668,4013669,4013671,4013672,4013700,4013723,4013782,4013838,4013842,4013853,4013946,4013960,4013979,4014085,4014091,4014097,4014179,4014215,4014276,4014317,8500073,8500075&ei=U0nQUs7uE4f3oATk44LACg&imc=1&imn=1&imp=1&atyp=csi&adh=&rt=xjsls.289,prt.290,xjses.1488,xjsee.1752,xjs.1803,ol.3352,iml.477,wsrt.1373,cst.146,dnst.0,rqst.1415,rspt.246 -> 204 (60ms)
2014-01-10 11:26:16,891 - sauce_connect:0 - INFO - GET https://www.google.com/gen_204?atyp=i&ct=idck&cad=&s=1&ei=U0nQUs7uE4f3oATk44LACg&zx=1389381975642 -> 204 (68ms)
2014-01-10 11:26:18,358 - sauce_connect:0 - INFO - GET https://www.livingsocial.com/ -> 200 (536ms)
2014-01-10 11:26:18,747 - sauce_connect:0 - INFO - GET https://www.livingsocial.com/ui/compiled/78342ba0616c834a6e3ccef19604d5f1.js -> 200 (166ms)
2014-01-10 11:26:18,756 - sauce_connect:0 - INFO - GET https://www.livingsocial.com/browse/application-2b957c8ae70d00e0032982a3e89276a4.js -> 200 (168ms)
2014-01-10 11:26:19,036 - sauce_connect:0 - INFO - GET https://www.livingsocial.com/browse/home-035d9432054a22dac1133dd065a2fbc2.css -> 200 (426ms)
2014-01-10 11:26:19,036 - sauce_connect:0 - INFO - GET https://www.livingsocial.com/ui/compiled/be2cbf1634e99be4b502666cbf3337ae.css -> 200 (446ms)
2014-01-10 11:26:19,203 - sauce_connect:0 - INFO - GET https://www.livingsocial.com/ui/assets/graphics/search-lens-f50fb350a5a9cdf218e64dac45eb51ce.png -> 200 (118ms)
2014-01-10 11:26:19,206 - sauce_connect:0 - INFO - GET https://www.livingsocial.com/ui/assets/graphics/livingsocial-logo-nav-e339f396931e5c8b9e41f142fcff9508.png -> 200 (120ms)
2014-01-10 11:26:19,293 - sauce_connect:0 - INFO - GET https://www.livingsocial.com/ui/assets/patterns/tiled-pinstripe-740e8ff19b3cbf58e0353103bca3102d.png -> 200 (51ms)
2014-01-10 11:26:19,306 - sauce_connect:0 - INFO - GET https://www.livingsocial.com/ui/assets/patterns/background-fade-531da43e34b54bab71f34121cd2f6015.png -> 200 (49ms)
2014-01-10 11:26:19,438 - sauce_connect:0 - INFO - GET https://d1ivexoxmp59q7.cloudfront.net/livingsocial/live.js -> 200 (213ms)
2014-01-10 11:26:19,437 - sauce_connect:0 - INFO - GET https://www.googleadservices.com/pagead/conversion.js -> 200 (237ms)
2014-01-10 11:26:19,507 - sauce_connect:0 - INFO - GET https://www.googletagservices.com/tag/js/gpt.js -> 200 (314ms)
2014-01-10 11:26:19,730 - sauce_connect:0 - INFO - GET https://a5.lscdn.net/imgs/7391d746-05ef-4674-a47e-e9082596fdab/_q80.jpg -> 200 (446ms)
2014-01-10 11:26:19,776 - sauce_connect:0 - INFO - GET https://a5.lscdn.net/imgs/83c1eb7a-d984-4a16-80a5-0045d565e282/_q80.jpg -> 200 (456ms)
2014-01-10 11:26:19,803 - sauce_connect:0 - INFO - GET https://a5.lscdn.net/imgs/de94231d-7baa-4dc2-b927-487033f9b82c/_q80.jpg -> 200 (457ms)
2014-01-10 11:26:20,049 - sauce_connect:0 - INFO - GET https://a1.lscdn.net/roadblock/blockyroad.js -> 200 (607ms)
2014-01-10 11:26:20,052 - sauce_connect:0 - INFO - GET https://a1.lscdn.net/imgs/6be6037a-76e4-47e8-b99b-8d1da69df162/300_q60.jpg -> 200 (543ms)
2014-01-10 11:26:20,085 - sauce_connect:0 - INFO - GET https://www.livingsocial.com/ui/api/v1/advertising/canary.js -> 200 (92ms)
2014-01-10 11:26:20,118 - sauce_connect:0 - INFO - GET https://a1.lscdn.net/imgs/426a9ec7-4c66-43c0-a0ce-7913507d227d/620_q60.jpg -> 200 (610ms)
2014-01-10 11:26:20,118 - sauce_connect:0 - INFO - GET https://stats.g.doubleclick.net/dc.js -> 200 (565ms)
2014-01-10 11:26:20,119 - sauce_connect:0 - INFO - GET https://a1.lscdn.net/imgs/4e15224c-9938-450d-8b21-7f0f4be80ffe/300_q60.jpg -> 200 (598ms)
2014-01-10 11:26:20,147 - sauce_connect:0 - INFO - GET https://a1.lscdn.net/imgs/0a097739-b063-4dcb-a922-3bf6036b67d8/300_q60.jpg -> 200 (624ms)
2014-01-10 11:26:20,279 - sauce_connect:0 - INFO - GET https://a1.lscdn.net/imgs/2eb206ed-79fe-40ad-affb-c4aca4885b8f/465_q60.jpg -> 200 (838ms)
2014-01-10 11:26:20,369 - sauce_connect:0 - INFO - GET https://www.livingsocial.com/me/info.json?ttl=1389381979233 -> 200 (263ms)
2014-01-10 11:26:20,650 - sauce_connect:0 - INFO - GET https://a1.lscdn.net/imgs/a864750f-683e-4b32-80e3-72cb1e03e141/300_q60.jpg -> 200 (410ms)
2014-01-10 11:26:20,707 - sauce_connect:0 - INFO - GET https://a1.lscdn.net/imgs/ccf3257c-b85d-4e1e-88ba-db131964069f/300_q60.jpg -> 200 (427ms)
2014-01-10 11:26:20,782 - sauce_connect:0 - INFO - GET https://a1.lscdn.net/imgs/27725da5-ecf8-4a17-84b2-c3c3d6542a45/460_q60.jpg -> 200 (157ms)
2014-01-10 11:26:20,957 - sauce_connect:0 - INFO - GET https://a1.lscdn.net/imgs/205e6113-87fd-4a3b-a535-448cfd54e946/300_q60.jpg -> 200 (195ms)
2014-01-10 11:26:20,964 - sauce_connect:0 - INFO - GET https://googleads.g.doubleclick.net/pagead/viewthroughconversion/982509180/?random=1389381979140&cv=7&fst=1389381979140&num=1&fmt=1&label=_fsNCOzZwAcQ_My_1AM&guid=ON&u_h=768&u_w=1024&u_ah=742&u_aw=1024&u_cd=24&u_his=3&u_tz=-480&u_java=true&u_nplug=8&u_nmime=86&frm=0&url=https%3A//www.livingsocial.com/ -> 302 (912ms)
2014-01-10 11:26:21,033 - sauce_connect:0 - INFO - GET https://a1.lscdn.net/imgs/02e46234-7967-4402-9ef0-5b40cef8ddb5/460_q60.jpg -> 200 (407ms)
2014-01-10 11:26:21,035 - sauce_connect:0 - INFO - GET https://a1.lscdn.net/imgs/606581ee-0757-493f-b379-17a04388ce75/620_q60.jpg -> 200 (406ms)
2014-01-10 11:26:21,068 - sauce_connect:0 - INFO - GET https://a1.lscdn.net/imgs/dc72c1b0-babe-44a5-94f2-fc4660a54e16/300_q60.jpg -> 200 (136ms)
2014-01-10 11:26:21,069 - sauce_connect:0 - INFO - GET https://a1.lscdn.net/imgs/8ca0813e-3597-4722-94cb-1f327fac186d/300_q60.jpg -> 200 (136ms)
2014-01-10 11:26:21,328 - sauce_connect:0 - INFO - GET https://a1.lscdn.net/imgs/7a8107ff-ab08-4af9-8de0-a18f0e87cbf2/300_q60.jpg -> 200 (280ms)
2014-01-10 11:26:21,450 - sauce_connect:0 - INFO - GET https://a1.lscdn.net/imgs/432bafc7-34d5-43ce-8487-eaf62ca17952/300_q60.jpg -> 200 (338ms)
2014-01-10 11:26:21,502 - sauce_connect:0 - INFO - GET https://www.google.com/ads/user-lists/982509180/?label=_fsNCOzZwAcQ_My_1AM&fmt=1&num=1&cv=7&frm=0&url=https%3A%2F%2Fwww.livingsocial.com%2F&random=107567916 -> 200 (201ms)
2014-01-10 11:26:21,608 - sauce_connect:0 - INFO - GET https://partner.googleadservices.com/gpt/pubads_impl_32.js -> 200 (1327ms)
2014-01-10 11:26:21,641 - sauce_connect:0 - INFO - GET https://a1.lscdn.net/imgs/dadbec9d-0f98-46e3-91b6-be4dd2d90466/460_q60.jpg -> 200 (340ms)
2014-01-10 11:26:21,733 - sauce_connect:0 - INFO - GET https://a1.lscdn.net/imgs/6ed3ab5b-3116-4c60-86eb-57097d24ef14/300_q60.jpg -> 200 (132ms)
2014-01-10 11:26:21,749 - sauce_connect:0 - INFO - GET https://a1.lscdn.net/imgs/5f68c36f-71a5-4c4c-b44a-3d12827685a6/300_q60.jpg -> 200 (149ms)
2014-01-10 11:26:21,792 - sauce_connect:0 - INFO - GET https://a1.lscdn.net/imgs/6584d312-98d3-47c4-a4b6-c45cd22605dc/620_q60.jpg -> 200 (335ms)
2014-01-10 11:26:21,813 - sauce_connect:0 - INFO - GET https://subscribe.livingsocial.com/roadblock?iframeDomain=https%3A%2F%2Fwww.livingsocial.com&_rand=73829&ref=broader_roadblock_dm_none_qt_none&preferred_city=15 -> 200 (1360ms)
2014-01-10 11:26:22,043 - sauce_connect:0 - INFO - GET https://a1.lscdn.net/imgs/ce645e3e-7b91-436f-af7d-a679bfa4e83a/300_q60.jpg -> 200 (342ms)
2014-01-10 11:26:22,230 - sauce_connect:0 - INFO - GET https://a1.lscdn.net/imgs/d4b43da2-f32b-4bd9-9efe-c851cc992454/460_q60.jpg -> 200 (775ms)
2014-01-10 11:26:22,272 - sauce_connect:0 - INFO - GET https://livingsocial.sp1.convertro.com/ptrx/hit/livingsocial/0/?sid=6FP4QAZEQDRP&mid=&eid=&cid=&jid=&typ=&val=1&isa=&pag=https%3A%2F%2Fwww.livingsocial.com%2F&ref=&fup=1&cbi=1&new=1&nji=0&ver=unknown&sts=1375424262&bts=1389381979299&ath=1389381979252&atb=1389381979252&dis=1024x768x24&tid=AZDRVk04Gow&tmz=480&pfe=1&ish=1&plu=585051305&log=0.022%20-%20%40%200.006%0A0.038%20-%20iCT%20gen%3A%20AZDRVk04Gow%0A0.038%20-%20%24iP%3A%20AZDRVk04Gow%0A0.038%20-%20i.p%3A%20T%206FP4QAZEQDRP%0A0.040%20-%20%3E%3E%20te%3A%206FP4QAZEQDRP%3B%20%3B%20%3B%201 -> 200 (1997ms)
2014-01-10 11:26:22,617 - sauce_connect:0 - INFO - GET https://a1.lscdn.net/imgs/6c475323-284f-4557-9a63-4623a9b4f4ee/300_q60.jpg -> 200 (592ms)
2014-01-10 11:26:22,625 - sauce_connect:0 - INFO - GET https://a5.lscdn.net/imgs/7a2283b4-cb27-484f-995f-a61cad95386d -> 200 (235ms)
2014-01-10 11:26:22,750 - sauce_connect:0 - INFO - GET https://a1.lscdn.net/imgs/f3fabb42-1bc7-437d-a02d-099364769a65/300_q60.jpg -> 200 (588ms)
2014-01-10 11:26:22,796 - sauce_connect:0 - INFO - GET https://subscribe.livingsocial.com/cupcake/assets/layouts/lp_02_accounts_refresh/index-ee552ca4af8a57b13c3066d2d8e8d0d0.css -> 200 (271ms)
2014-01-10 11:26:22,839 - sauce_connect:0 - INFO - GET https://www.livingsocial.com/ui/assets/patterns/ls-item-header-bg-8a956f15cb15ff10619150a429eed1a3.png -> 200 (227ms)
2014-01-10 11:26:22,842 - sauce_connect:0 - INFO - GET https://a1.lscdn.net/imgs/008b0fea-8fcc-4c73-abfc-5bf6e14a6a11/300_q60.jpg -> 200 (230ms)
2014-01-10 11:26:22,851 - sauce_connect:0 - INFO - GET https://a1.lscdn.net/imgs/a5edd9b0-dad4-4535-9f77-78843e1e994a/300_q60.jpg -> 200 (239ms)
2014-01-10 11:26:22,874 - sauce_connect:0 - INFO - GET https://a1.lscdn.net/imgs/9ebd2ce4-251e-4341-b569-60d7c7c07038/460_q60.jpg -> 200 (480ms)
2014-01-10 11:26:22,989 - sauce_connect:0 - INFO - GET https://a1.lscdn.net/imgs/e139023d-2c3b-4dc0-a7bb-6ef60d04bbd3/460_q60.jpg -> 200 (547ms)
2014-01-10 11:26:23,101 - sauce_connect:0 - INFO - GET https://www.livingsocial.com/ui/assets/sprites/header-dropdown-sprite-395f0119c24182e6b2c153bca139bb01.png -> 200 (385ms)
2014-01-10 11:26:23,267 - sauce_connect:0 - INFO - GET https://a1.lscdn.net/imgs/3b97596c-42c8-4cb2-bb12-c027b7c223ec/300_q60.jpg -> 200 (416ms)
2014-01-10 11:26:23,414 - sauce_connect:0 - INFO - GET https://www.livingsocial.com/ui/assets/sprites/footer-sprite-cadb06e42c6c7eccfa09634547c8dda6.png -> 200 (510ms)
2014-01-10 11:26:23,532 - sauce_connect:0 - INFO - GET https://stats.g.doubleclick.net/__utm.gif?utmwv=5.4.6dc&utms=1&utmn=1039290050&utmhn=www.livingsocial.com&utmt=event&utme=5(new_nav*viewed*)(0)&utmcs=UTF-8&utmsr=1024x768&utmvp=965x656&utmsc=24-bit&utmul=en-us&utmje=1&utmfl=11.8%20r800&utmdt=LivingSocial%20-%20Save%20money%20while%20discovering%20amazing%20things%20to%20do.&utmhid=1434422705&utmr=-&utmp=%2F&utmpg=1:san-francisco%2FBrowse,2:local&utmht=1389381979632&utmac=UA-3767395-1&utmni=1&utmcc=__utma%3D255729687.1137810057.1389381980.1389381980.1389381980.1%3B%2B__utmz%3D255729687.1389381980.1.1.utmcsr%3D(direct)%7Cutmccn%3D(direct)%7Cutmcmd%3D(none)%3B&utmu=4hIAACAAAAAAAAAAAAAAAB~ -> 200 (340ms)
2014-01-10 11:26:23,658 - sauce_connect:0 - INFO - GET https://www.livingsocial.com/ui/assets/graphics/market-nav-arrows-c6df3f95d62e7ae83095834eff7b8d32.png -> 200 (211ms)
2014-01-10 11:26:23,749 - sauce_connect:0 - INFO - GET https://subscribe.livingsocial.com/cupcake/assets/layouts/lp_40_places_inline/index-3426e604d8d9b28d6ff575f1e2bb227f.js -> 200 (1222ms)
2014-01-10 11:26:24,013 - sauce_connect:0 - INFO - GET https://maps.googleapis.com/maps/api/js?libraries=places,geometry&sensor=false -> 200 (1485ms)
2014-01-10 11:26:24,056 - sauce_connect:0 - INFO - GET https://stats.g.doubleclick.net/__utm.gif?utmwv=5.4.6dc&utms=3&utmn=1350926802&utmhn=www.livingsocial.com&utmt=event&utme=5(Scroll%20Depth*Percentage*Baseline)(1)8(6!NavigationVersion)9(6!treatment)11(6!1)&utmcs=UTF-8&utmsr=1024x768&utmvp=965x656&utmsc=24-bit&utmul=en-us&utmje=1&utmfl=11.8%20r800&utmdt=LivingSocial%20-%20Save%20money%20while%20discovering%20amazing%20things%20to%20do.&utmhid=1434422705&utmr=-&utmp=%2F&utmpg=1:san-francisco%2FBrowse,2:local&utmht=1389381979706&utmac=UA-3767395-1&utmni=1&utmcc=__utma%3D255729687.1137810057.1389381980.1389381980.1389381980.1%3B%2B__utmz%3D255729687.1389381980.1.1.utmcsr%3D(direct)%7Cutmccn%3D(direct)%7Cutmcmd%3D(none)%3B&utmu=6xIAACAAAAAAAAAAAAAAAB~ -> 200 (752ms)
2014-01-10 11:26:24,062 - sauce_connect:0 - INFO - GET https://stats.g.doubleclick.net/__utm.gif?utmwv=5.4.6dc&utms=2&utmn=595090816&utmhn=www.livingsocial.com&utme=8(6!NavigationVersion)9(6!treatment)11(6!1)&utmcs=UTF-8&utmsr=1024x768&utmvp=965x656&utmsc=24-bit&utmul=en-us&utmje=1&utmfl=11.8%20r800&utmdt=LivingSocial%20-%20Save%20money%20while%20discovering%20amazing%20things%20to%20do.&utmhid=1434422705&utmr=-&utmp=%2F&utmpg=1:san-francisco%2FBrowse,2:local&utmht=1389381979659&utmac=UA-3767395-1&utmcc=__utma%3D255729687.1137810057.1389381980.1389381980.1389381980.1%3B%2B__utmz%3D255729687.1389381980.1.1.utmcsr%3D(direct)%7Cutmccn%3D(direct)%7Cutmcmd%3D(none)%3B&utmu=6xIAACAAAAAAAAAAAAAAAB~ -> 200 (758ms)
2014-01-10 11:26:24,073 - sauce_connect:0 - INFO - GET https://pixels.livingsocial.com/floodlight3.js -> 200 (1470ms)
2014-01-10 11:26:24,276 - sauce_connect:0 - INFO - GET https://stats.livingsocial.com/useracq/roadblock/roadblock.gif -> 200 (1208ms)
2014-01-10 11:26:24,358 - sauce_connect:0 - INFO - GET https://securepubads.g.doubleclick.net/gampad/ads?gdfp_req=1&correlator=1615337087827968&output=json_html&callback=window.parent.googletag.impl.pubads.setAdContentsBySlotForAsync&impl=fifs&json_a=1&iu_parts=7132793%2CHomePage_under_Featured_Banner%2CHomePage_withinmodule_DailyDeals_Banner%2CHomePage_Under_DailyDeals_Banner%2CHomePage_withinmodule_Shop_Banner%2CHomePage_Under_Shop_Banner%2CHomePage_withinmodule_Escapes_Banner%2CHomePage_Under_Escapes_Banner%2CHomePage_Under_Activities_Banner%2CSponsoredLinks728x90&enc_prev_ius=%2F0%2F1%2C%2F0%2F2%2C%2F0%2F3%2C%2F0%2F4%2C%2F0%2F5%2C%2F0%2F6%2C%2F0%2F7%2C%2F0%2F8%2C%2F0%2F9&prev_iu_szs=980x135%2C940x135%2C980x135%2C940x135%2C980x135%2C940x135%2C980x135%2C980x135%2C728x90&cust_params=domain%3Dwww.livingsocial.com%26ref_code%3Dbroader_roadblock_dm_none_qt_none%26cityid%3D15%26countryid%3D1&cookie_enabled=1&lmt=1389410781&dt=1389381981099&cc=100&biw=965&bih=656&oid=3&channel=1673703094&gut=v2&ifi=1&u_tz=-480&u_his=3&u_java=true&u_h=768&u_w=1024&u_ah=742&u_aw=1024&u_cd=24&u_nplug=8&u_nmime=86&u_sd=1&flash=11.8.800&url=https%3A%2F%2Fwww.livingsocial.com%2F&adks=3054304355%2C327459789%2C2407591665%2C2512207170%2C796672677%2C2901952237%2C3825318676%2C2430981748%2C3696281517&vrg=32&vrp=32&ga_vid=917201709.1389381981&ga_sid=1389381981&ga_hid=376247733 -> 200 (2196ms)
2014-01-10 11:26:24,358 - sauce_connect:0 - INFO - GET https://idsync.rlcdn.com/366738.gif?partner_uid=6FP4QAZEQDRP -> 302 (729ms)
2014-01-10 11:26:24,502 - sauce_connect:0 - INFO - GET https://pixel.quantserve.com/pixel/p-59NC1TJAB-SdU.gif -> 200 (964ms)
2014-01-10 11:26:24,578 - sauce_connect:0 - INFO - GET https://maps.gstatic.com/cat_js/intl/en_us/mapfiles/api-3/15/6/%7Bmain,geometry,places%7D.js -> 200 (367ms)
2014-01-10 11:26:24,724 - sauce_connect:0 - INFO - GET https://idsync.rlcdn.com/366738.gif?redirect=1&rl=72b6c94279fc9863205b3acca2fa78fca9e9481e8e4b64bb815e976a1799d4dd -> 200 (84ms)
2014-01-10 11:26:24,868 - sauce_connect:0 - INFO - GET https://tpc.googlesyndication.com/pagead/images/nessie_icon_chevron_white.png -> 200 (272ms)
2014-01-10 11:26:24,868 - sauce_connect:0 - INFO - GET https://tpc.googlesyndication.com/pagead/js/r20140107/r20110914/abg.js -> 200 (290ms)
2014-01-10 11:26:24,923 - sauce_connect:0 - INFO - GET https://subscribe.livingsocial.com/cupcake/assets/refresh/header-close-6da8037b3087c957fdb5ffea5ce5847f.png -> 200 (139ms)
2014-01-10 11:26:24,923 - sauce_connect:0 - INFO - GET https://subscribe.livingsocial.com/cupcake/assets/refresh/bg-full-80054e922fac65e703d36d8c3a6e6908.png -> 200 (151ms)
2014-01-10 11:26:24,923 - sauce_connect:0 - INFO - GET https://pagead2.googlesyndication.com/pagead/osd.js -> 200 (279ms)
2014-01-10 11:26:25,153 - sauce_connect:0 - INFO - GET https://googleads.g.doubleclick.net/pagead/viewthroughconversion/982509180/?random=1389381984055&cv=7&fst=1389381984055&num=1&fmt=1&label=_fsNCOzZwAcQ_My_1AM&guid=ON&u_h=768&u_w=1024&u_ah=742&u_aw=1024&u_cd=24&u_his=3&u_tz=-480&u_java=true&u_nplug=8&u_nmime=86&frm=2&url=https%3A//subscribe.livingsocial.com/roadblock%3FiframeDomain%3Dhttps%253A%252F%252Fwww.livingsocial.com%26_rand%3D73829%26ref%3Dbroader_roadblock_dm_none_qt_none%26preferred_city%3D15&ref=https%3A//www.livingsocial.com/ -> 302 (199ms)
2014-01-10 11:26:25,476 - sauce_connect:0 - INFO - GET https://googleads.g.doubleclick.net/pagead/drt/s?v=r20120211 -> 200 (268ms)
2014-01-10 11:26:25,720 - sauce_connect:0 - INFO - GET https://maps.gstatic.com/cat_js/intl/en_us/mapfiles/api-3/15/6/%7Bcommon,map,util,controls,places_impl%7D.js -> 200 (766ms)
2014-01-10 11:26:25,884 - sauce_connect:0 - INFO - GET https://subscribe.livingsocial.com/cupcake/assets/refresh/lines-c916d8e5ff007f5e529664e75576fe06.png -> 200 (1016ms)
2014-01-10 11:26:25,957 - sauce_connect:0 - INFO - GET https://www.google.com/ads/user-lists/982509180/?label=_fsNCOzZwAcQ_My_1AM&fmt=1&num=1&cv=7&frm=2&url=https%3A%2F%2Fsubscribe.livingsocial.com%2Froadblock%3FiframeDomain%3Dhttps%3A%2F%2Fwww.livingsocial.com%26_rand%3D73829%26ref%3Dbroader_roadblock_dm_none_qt_none%26preferred_city%3D15&ref=https%3A%2F%2Fwww.livingsocial.com%2F&random=3188392713 -> 200 (484ms)
2014-01-10 11:26:26,753 - sauce_connect:0 - INFO - GET https://ssl.google-analytics.com/ga.js -> 200 (1754ms)
2014-01-10 11:26:26,760 - sauce_connect:0 - INFO - GET https://tpc.googlesyndication.com/simgad/14651471661691671768 -> 200 (2166ms)
2014-01-10 11:26:26,888 - sauce_connect:0 - INFO - GET https://maps.gstatic.com/mapfiles/openhand_8_8.cur -> 200 (309ms)
2014-01-10 11:26:26,980 - sauce_connect:0 - INFO - GET https://maps.googleapis.com/maps/api/js/ViewportInfoService.GetViewportInfo?1m6&1m2&1d37.775208&2d-122.48133200000001&2m2&1d37.775208&2d-122.35709199999997&2u15&4sen-US&5e0&6sm%40248000000&7b0&8e0&9b0&callback=_xdc_._rtnumf&token=128394 -> 200 (274ms)
2014-01-10 11:26:27,130 - sauce_connect:0 - INFO - GET https://ssl.google-analytics.com/__utm.gif?utmwv=5.4.6&utms=4&utmn=389139972&utmhn=subscribe.livingsocial.com&utme=8(6!NavigationVersion)9(6!treatment)11(6!1)&utmcs=UTF-8&utmsr=1024x768&utmvp=965x656&utmsc=24-bit&utmul=en-us&utmje=1&utmfl=11.8%20r800&utmdt=San%20Francisco%201-Day%20Deals&utmhid=1780535597&utmr=https%3A%2F%2Fwww.livingsocial.com%2F&utmp=%2Froadblock%3FiframeDomain%3Dhttps%25253A%25252F%25252Fwww.livingsocial.com%26_rand%3D73829%26ref%3Dbroader_roadblock_dm_none_qt_none%26preferred_city%3D15&utmht=1389381986223&utmac=UA-3767395-1&utmcc=__utma%3D255729687.1137810057.1389381980.1389381980.1389381980.1%3B%2B__utmz%3D255729687.1389381980.1.1.utmcsr%3D(direct)%7Cutmccn%3D(direct)%7Cutmcmd%3D(none)%3B&utmu=qhIAAC~ -> 200 (47ms)
2014-01-10 11:26:27,134 - sauce_connect:0 - INFO - GET https://maps.gstatic.com/cat_js/intl/en_us/mapfiles/api-3/15/6/%7Bonion%7D.js -> 200 (502ms)
2014-01-10 11:26:27,144 - sauce_connect:0 - INFO - GET https://maps.gstatic.com/mapfiles/transparent.png -> 200 (512ms)
2014-01-10 11:26:27,144 - sauce_connect:0 - INFO - GET https://maps.gstatic.com/cat_js/intl/en_us/mapfiles/api-3/15/6/%7Bstats,marker%7D.js -> 200 (422ms)
2014-01-10 11:26:27,308 - sauce_connect:0 - INFO - GET https://fonts.googleapis.com/css?family=Roboto:300,400,500,700 -> 200 (601ms)
2014-01-10 11:26:27,352 - sauce_connect:0 - INFO - GET https://maps.gstatic.com/mapfiles/api-3/images/google_white2.png -> 200 (93ms)
2014-01-10 11:26:27,369 - sauce_connect:0 - INFO - GET https://maps.gstatic.com/mapfiles/api-3/images/mapcnt3.png -> 200 (107ms)
2014-01-10 11:26:27,372 - sauce_connect:0 - INFO - GET https://maps.gstatic.com/mapfiles/mv/imgs8.png -> 200 (80ms)
2014-01-10 11:26:27,384 - sauce_connect:0 - INFO - GET https://mts0.googleapis.com/vt?lyrs=m@248000000&src=apiv3&hl=en-US&x=5242&y=12665&z=15&style=47,37%7Csmartmaps -> 200 (627ms)
2014-01-10 11:26:27,408 - sauce_connect:0 - INFO - GET https://mts0.googleapis.com/vt?lyrs=m@248000000&src=apiv3&hl=en-US&x=5240&y=12665&z=15&style=47,37%7Csmartmaps -> 200 (652ms)
2014-01-10 11:26:27,453 - sauce_connect:0 - INFO - GET https://mts1.googleapis.com/vt?lyrs=m@248000000&src=apiv3&hl=en-US&x=5239&y=12665&z=15&style=47,37%7Csmartmaps -> 200 (660ms)
2014-01-10 11:26:27,533 - sauce_connect:0 - INFO - GET https://mts0.googleapis.com/vt?lyrs=m@248000000&src=apiv3&hl=en-US&x=5238&y=12665&z=15&style=47,37%7Csmartmaps -> 200 (777ms)
2014-01-10 11:26:27,585 - sauce_connect:0 - INFO - GET https://maps.gstatic.com/mapfiles/api-3/images/cb_scout2.png -> 200 (322ms)
2014-01-10 11:26:27,673 - sauce_connect:0 - INFO - GET https://mts1.googleapis.com/vt?lyrs=m@248000000&src=apiv3&hl=en-US&x=5243&y=12665&z=15&style=47,37%7Csmartmaps -> 200 (681ms)
2014-01-10 11:26:27,790 - sauce_connect:0 - INFO - GET https://mts1.googleapis.com/vt?lyrs=m@248000000&src=apiv3&hl=en-US&x=5241&y=12665&z=15&style=47,37%7Csmartmaps -> 200 (801ms)
2014-01-10 11:26:28,075 - sauce_connect:0 - INFO - GET https://mts0.googleapis.com/mapslt/ft?hl=en-US&lyrs=m%40248000000%7Csalt%3A1484351913&las=tuwtvtutwwwuvvu,tuwtvtutwwwuvvw,tuwtvtutwwwwttu,tuwtvtutwwwwttw,tuwtvtutwwwwtvu,tuwtvtutwwwwtvw&z=15&src=apiv3&xc=1&style=47%2C37%7Csmartmaps&callback=_xdc_._6e180x&token=99583 -> 200 (783ms)
2014-01-10 11:26:28,289 - sauce_connect:0 - INFO - GET https://maps.googleapis.com/maps/api/js/AuthenticationService.Authenticate?1shttps%3A%2F%2Fsubscribe.livingsocial.com%2Froadblock%3FiframeDomain%3Dhttps%253A%252F%252Fwww.livingsocial.com%26_rand%3D73829%26ref%3Dbroader_roadblock_dm_none_qt_none%26preferred_city%3D15&5e1&callback=_xdc_._9jgj8u&token=39287 -> 200 (54ms)
2014-01-10 11:26:28,391 - sauce_connect:0 - INFO - GET https://themes.googleusercontent.com/static/fonts/roboto/v10/RxZJdnzeo3R5zSexge8UUbO3LdcAZYWl9Si6vvxL-qU.woff -> 200 (792ms)
2014-01-10 11:26:28,397 - sauce_connect:0 - INFO - GET https://themes.googleusercontent.com/static/fonts/roboto/v10/Hgo13k-tfSpn0qi1SFdUfbO3LdcAZYWl9Si6vvxL-qU.woff -> 200 (357ms)
2014-01-10 11:26:28,407 - sauce_connect:0 - INFO - GET https://maps.googleapis.com/maps/gen_204?ev=api_viewport&cad=host:subscribe.livingsocial.com,v:15,vr:1,r:1,mt:m,c:37.775208%2C-122.419212,sp:0.00000x0.04141,size:965x0,relsize:iframe,token:4wzcaa4dd1,src:apiv3,ts:9u5twn -> 204 (94ms)
2014-01-10 11:26:28,520 - sauce_connect:0 - INFO - GET https://themes.googleusercontent.com/static/fonts/roboto/v10/CrYjSnGjrRCn0pd9VQsnFOvvDin1pK8aKteLpeZ5c0A.woff -> 200 (929ms)
2014-01-10 11:26:28,523 - sauce_connect:0 - INFO - GET https://themes.googleusercontent.com/static/fonts/roboto/v10/d-6IYplOFocCacKzxwXSOLO3LdcAZYWl9Si6vvxL-qU.woff -> 200 (483ms)
2014-01-10 11:26:28,852 - sauce_connect:0 - INFO - GET https://ssl.google-analytics.com/__utm.gif?utmwv=5.4.6&utms=5&utmn=1517893026&utmhn=subscribe.livingsocial.com&utmt=event&utme=5(Modal*Show%20Roadblock*places_organic)8(6!NavigationVersion)9(6!treatment)11(6!1)&utmcs=UTF-8&utmsr=1024x768&utmvp=965x656&utmsc=24-bit&utmul=en-us&utmje=1&utmfl=11.8%20r800&utmdt=San%20Francisco%201-Day%20Deals&utmhid=1780535597&utmr=https%3A%2F%2Fwww.livingsocial.com%2F&utmp=%2Froadblock%3FiframeDomain%3Dhttps%25253A%25252F%25252Fwww.livingsocial.com%26_rand%3D73829%26ref%3Dbroader_roadblock_dm_none_qt_none%26preferred_city%3D15&utmht=1389381987933&utmac=UA-3767395-1&utmni=1&utmcc=__utma%3D255729687.1137810057.1389381980.1389381980.1389381980.1%3B%2B__utmz%3D255729687.1389381980.1.1.utmcsr%3D(direct)%7Cutmccn%3D(direct)%7Cutmcmd%3D(none)%3B&utmu=6hIAAC~ -> 200 (56ms)
2014-01-10 11:26:28,868 - sauce_connect:0 - INFO - POST https://subscribe.livingsocial.com/services/journal/v1/store -> 200 (115ms)
2014-01-10 11:26:28,934 - sauce_connect:0 - INFO - GET https://stats.livingsocial.com/useracq/roadblock/roadblock_layouts/places/treatment/cupcake_started.gif -> 200 (138ms)
2014-01-10 11:26:28,934 - sauce_connect:0 - INFO - POST https://subscribe.livingsocial.com/services/journal/v1/store -> 200 (137ms)
2014-01-10 11:26:28,989 - sauce_connect:0 - INFO - GET https://pixels.livingsocial.com/floodlight/pre_subscriber?user_id=006e3e7f-2ade-4724-9797-b3db1c8b6235&user_cities=15&_=1389381987939 -> 200 (192ms)
2014-01-10 11:26:28,990 - sauce_connect:0 - INFO - GET https://subscribe.livingsocial.com/services/city/v2/countries/cities -> 200 (163ms)
2014-01-10 11:26:29,167 - sauce_connect:0 - INFO - POST https://subscribe.livingsocial.com/services/journal/v1/store -> 200 (280ms)
2014-01-10 11:26:29,382 - sauce_connect:0 - INFO - GET https://stats.livingsocial.com/useracq/pixel_confirmations/floodlight/pre_subscriber.gif -> 200 (130ms)
2014-01-10 11:26:29,407 - sauce_connect:0 - INFO - GET https://subscribe.livingsocial.com/cupcake/assets/chosen-sprite.png -> 200 (110ms)
2014-01-10 11:26:29,411 - sauce_connect:0 - INFO - GET https://www.googleadservices.com/pagead/conversion/982509180/?label=YsDeCKStwwMQ_My_1AM&guid=ON&script=0&_=1389381989197 -> 302 (159ms)
2014-01-10 11:26:29,539 - sauce_connect:0 - INFO - GET https://googleads.g.doubleclick.net/pagead/viewthroughconversion/982509180/?label=YsDeCKStwwMQ_My_1AM&guid=ON&script=0&_=1389381989197&ctc_id=CAIVAgAAAB0CAAAA&ct_cookie_present=false&convclickts=0&random=1823807853 -> 302 (67ms)
2014-01-10 11:26:29,576 - sauce_connect:0 - INFO - GET https://csi.gstatic.com/csi?v=2&s=mapsapi3&action=apiboot&rt=jl.572,mc.718,mb.2378,ep.2971,vt.4088,prt.4088,plt.3942,mt.4089&size=965x0&maptype=m&vr=1 -> 204 (227ms)
2014-01-10 11:26:29,642 - sauce_connect:0 - INFO - GET https://www.google.com/ads/user-lists/982509180/?label=YsDeCKStwwMQ_My_1AM&script=0&ct_cookie_present=false&random=35105826 -> 200 (54ms)
2014-01-10 11:26:29,756 - sauce_connect:0 - INFO - GET https://js-agent.newrelic.com/nr-100.js -> 200 (740ms)
2014-01-10 11:26:29,996 - sauce_connect:0 - INFO - GET https://www.livingsocial.com/favicon.ico -> 200 (159ms)
2014-01-10 11:26:30,322 - sauce_connect:0 - INFO - GET https://beacon-5.newrelic.com/1/01dcf4d414?a=125482&be=2224&qt=0&ap=48&dc=2442&fe=6428&to=IA0KFRRcXFlXShZKWQIGBg0JUFsaV1VbXVIHBwA%3D&v=42&perf=%7B%22timing%22%3A%7B%22of%22%3A1389381979392%2C%20%22n%22%3A0%2C%20%22dl%22%3A2223%2C%20%22di%22%3A4666%2C%20%22ds%22%3A4666%2C%20%22de%22%3A4683%2C%20%22dc%22%3A8520%2C%20%22l%22%3A8520%2C%20%22le%22%3A8652%2C%20%22f%22%3A0%2C%20%22dn%22%3A0%2C%20%22dne%22%3A0%2C%20%22c%22%3A3%2C%20%22ce%22%3A56%2C%20%22s%22%3A16%2C%20%22rq%22%3A57%2C%20%22rp%22%3A2217%2C%20%22rpe%22%3A2222%7D%2C%20%22navigation%22%3A%7B%7D%7D -> 204 (445ms)
2014-01-10 11:26:30,446 - sauce_connect:0 - INFO - GET https://www.google.com/pagead/drt/ui -> 302 (76ms)
2014-01-10 11:26:30,566 - sauce_connect:0 - INFO - GET https://googleads.g.doubleclick.net/pagead/drt/si?p=CAA&ut=AFAKxlQAAAAAUtBM6srMGtLUIwhZFIvnFJC3iLyAygcP -> 200 (67ms)
2014-01-10 11:26:33,471 - sauce_connect:0 - INFO - GET https://maps.googleapis.com/maps/api/js/QuotaService.RecordEvent?1shttps%3A%2F%2Fsubscribe.livingsocial.com%2Froadblock%3FiframeDomain%3Dhttps%253A%252F%252Fwww.livingsocial.com%26_rand%3D73829%26ref%3Dbroader_roadblock_dm_none_qt_none%26preferred_city%3D15&4e1&5e0&6u1&7s9u5ygv&callback=_xdc_._dcp59u&token=38374 -> 200 (64ms)
2014-01-10 11:26:36,141 - sauce_connect:0 - INFO - GET https://www.tumblr.com/ -> 200 (2783ms)
2014-01-10 11:26:36,582 - sauce_connect:0 - INFO - GET https://secure.assets.tumblr.com/assets/styles/form_classic_onboarding.css?_v=f29eaa1b8a59da982474f1340d8b4ad2 -> 200 (183ms)
2014-01-10 11:26:36,582 - sauce_connect:0 - INFO - GET https://secure.assets.tumblr.com/languages/strings/en_US.js?1338 -> 200 (182ms)
2014-01-10 11:26:36,584 - sauce_connect:0 - INFO - GET https://secure.assets.tumblr.com/assets/styles/onboarding.css?_v=9cc72c447d490fc680d486331ea56128 -> 200 (197ms)
2014-01-10 11:26:36,631 - sauce_connect:0 - INFO - GET https://secure.assets.tumblr.com/assets/styles/landing_pages/logged_out_dashboard.css?_v=ed0f5dd9d639b2489ef151036bbd0752 -> 200 (244ms)
2014-01-10 11:26:36,632 - sauce_connect:0 - INFO - GET https://secure.assets.tumblr.com/assets/styles/global.css?_v=64a349cf89658c0582b326a05e59a064 -> 200 (253ms)
2014-01-10 11:26:36,865 - sauce_connect:0 - INFO - GET https://secure.assets.tumblr.com/assets/scripts/polyfills.js?_v=7a1f870b92de697efea59d6604343f9f -> 200 (211ms)
2014-01-10 11:26:36,983 - sauce_connect:0 - INFO - GET https://secure.assets.tumblr.com/assets/scripts/vendor/jquery_backbone_lodash.js?_v=d45eb14e0277d77ef74f69aea7dba339 -> 200 (522ms)
2014-01-10 11:26:37,506 - sauce_connect:0 - INFO - GET https://secure.assets.tumblr.com/assets/scripts/landing_pages/logged_out_dashboard.js?_v=df4c37e92a58a255f8b147fd292613c3 -> 200 (166ms)
2014-01-10 11:26:37,585 - sauce_connect:0 - INFO - GET https://secure.assets.tumblr.com/assets/scripts/dashboard.js?_v=28b69c566f31e87bfe8864284aac4121 -> 200 (767ms)
2014-01-10 11:26:38,082 - sauce_connect:0 - INFO - GET https://s.yimg.com/ss/rapid-3.9.js -> 200 (1109ms)
2014-01-10 11:26:38,180 - sauce_connect:0 - INFO - GET https://secure.assets.tumblr.com/images/tumblr_logo_singup.png?b8c3b69bbcec0e70408384c8429d6db3 -> 200 (69ms)
2014-01-10 11:26:38,180 - sauce_connect:0 - INFO - GET https://secure.assets.tumblr.com/images/background.png?c1f1278401efea86f0443f877631383b -> 200 (98ms)
2014-01-10 11:26:38,332 - sauce_connect:0 - INFO - GET https://secure.assets.tumblr.com/assets/scripts/registration.js?_v=89aac5371bd42b0486e4f9b715284691 -> 200 (148ms)
2014-01-10 11:26:38,596 - sauce_connect:0 - INFO - GET https://www.tumblr.com/impixu?T=1389381996&J=eyJ0eXBlIjoicG9zdCIsInVybCI6Imh0dHA6XC9cL3d3dy50dW1ibHIuY29tXC8iLCJyZXF0eXBlIjowLCJyb3V0ZSI6IlwvIiwicG9zdHMiOlt7InBvc3RpZCI6IjcyNTE2MDExODg0IiwiYmxvZ2lkIjoiMTYzNjE2OTY1Iiwic291cmNlIjozMn1dfQ==&U=KGCNMKMIKL&K=3993e2c7bdddfe422cc9a7e22a16deb2472be9195424161d9c7774563c8a0949&R= -> 200 (514ms)
2014-01-10 11:26:38,671 - sauce_connect:0 - INFO - GET https://secure.assets.tumblr.com/images/register/vignetter.png?cfa3c86adb013ee22defb319e00f10c3 -> 200 (589ms)
2014-01-10 11:26:38,732 - sauce_connect:0 - INFO - GET https://ssl.google-analytics.com/__utm.gif?utmwv=5.4.6&utms=1&utmn=1660891302&utmhn=www.tumblr.com&utmcs=UTF-8&utmsr=1024x768&utmvp=980x671&utmsc=24-bit&utmul=en-us&utmje=1&utmfl=11.8%20r800&utmdt=Sign%20up%20%7C%20Tumblr&utmhid=1023198046&utmr=-&utmp=%2F%3Froute%3D%25252F&utmht=1389381997561&utmac=UA-97144-8&utmcc=__utma%3D189990958.68684966.1389381997.1389381997.1389381997.1%3B%2B__utmz%3D189990958.1389381997.1.1.utmcsr%3D(direct)%7Cutmccn%3D(direct)%7Cutmcmd%3D(none)%3B&utmu=qhC~ -> 200 (300ms)
2014-01-10 11:26:38,931 - sauce_connect:0 - INFO - GET https://ssl.google-analytics.com/__utm.gif?utmwv=5.4.6&utms=2&utmn=624945792&utmhn=www.tumblr.com&utmcs=UTF-8&utmsr=1024x768&utmvp=980x671&utmsc=24-bit&utmul=en-us&utmje=1&utmfl=11.8%20r800&utmdt=Sign%20up%20%7C%20Tumblr&utmhid=1023198046&utmr=-&utmp=%2Fsignup%2Freset_view&utmht=1389381997763&utmac=UA-97144-8&utmcc=__utma%3D189990958.68684966.1389381997.1389381997.1389381997.1%3B%2B__utmz%3D189990958.1389381997.1.1.utmcsr%3D(direct)%7Cutmccn%3D(direct)%7Cutmcmd%3D(none)%3B&utmu=qhC~ -> 200 (328ms)
2014-01-10 11:26:38,937 - sauce_connect:0 - INFO - GET https://24.media.tumblr.com/avatar_30cf825dee9e_30.png -> 200 (756ms)
2014-01-10 11:26:38,957 - sauce_connect:0 - INFO - GET https://sb.scorecardresearch.com/beacon.js -> 200 (771ms)
2014-01-10 11:26:39,068 - sauce_connect:0 - INFO - GET https://secure.quantserve.com/quant.js -> 200 (883ms)
2014-01-10 11:26:39,092 - sauce_connect:0 - INFO - GET https://ssl.google-analytics.com/__utm.gif?utmwv=5.4.6&utms=3&utmn=1991661540&utmhn=www.tumblr.com&utmcs=UTF-8&utmsr=1024x768&utmvp=980x671&utmsc=24-bit&utmul=en-us&utmje=1&utmfl=11.8%20r800&utmdt=Sign%20up%20%7C%20Tumblr&utmhid=1023198046&utmr=-&utmp=%2Fsignup%2Fupdate_view&utmht=1389381997793&utmac=UA-97144-8&utmcc=__utma%3D189990958.68684966.1389381997.1389381997.1389381997.1%3B%2B__utmz%3D189990958.1389381997.1.1.utmcsr%3D(direct)%7Cutmccn%3D(direct)%7Cutmcmd%3D(none)%3B&utmu=qhC~ -> 200 (420ms)
2014-01-10 11:26:39,102 - sauce_connect:0 - INFO - GET https://www.tumblr.com/impixu?T=1389381996&J=eyJ0eXBlIjoidXJsIiwidXJsIjoiaHR0cDpcL1wvd3d3LnR1bWJsci5jb21cLyIsInJlcXR5cGUiOjAsInJvdXRlIjoiXC8ifQ==&U=ICBKEHAMLH&K=3ae672d4faadcec0cf3fb5960a42b2f625228bf07511880d2e44cef253e8f543&R= -> 200 (929ms)
2014-01-10 11:26:39,111 - sauce_connect:0 - INFO - GET https://secure.assets.tumblr.com/images/loading_reblog.gif -> 200 (104ms)
2014-01-10 11:26:39,144 - sauce_connect:0 - INFO - GET https://www.google-analytics.com/analytics.js -> 200 (959ms)
2014-01-10 11:26:39,151 - sauce_connect:0 - INFO - GET https://secure.assets.tumblr.com/images/white_80.png -> 200 (44ms)
2014-01-10 11:26:39,151 - sauce_connect:0 - INFO - GET https://secure.assets.tumblr.com/images/black_75.png -> 200 (45ms)
2014-01-10 11:26:39,157 - sauce_connect:0 - INFO - GET https://secure.assets.tumblr.com/images/inline_photo_loading.gif -> 200 (51ms)
2014-01-10 11:26:39,203 - sauce_connect:0 - INFO - GET https://sb.scorecardresearch.com/b?c1=2&c2=15742520&ns__t=1389381998280&ns_c=UTF-8&c8=Sign%20up%20%7C%20Tumblr&c7=https%3A%2F%2Fwww.tumblr.com%2F&c9= -> 302 (59ms)
2014-01-10 11:26:39,316 - sauce_connect:0 - INFO - POST https://clients1.google.com/tbproxy/af/query?client=Google%20Chrome -> 200 (499ms)
2014-01-10 11:26:39,571 - sauce_connect:0 - INFO - GET https://pclick.yahoo.com/b?s=1197719222&t=vDCUYwG7nwooyxok,0.05152373481541872&_I=&_AO=1&_R=&_P=3.9%05_pl%031%04A_v%033.9%04_bt%03rapid%04A_sid%03ASJlMz8fPfk87syV%04_w%03www.tumblr.com%2F%04pd%03%2F%04_li%03%04i_rad%03%04i_strm%03 -> 200 (1249ms)
2014-01-10 11:26:39,592 - sauce_connect:0 - INFO - GET https://sb.scorecardresearch.com/b2?c1=2&c2=15742520&ns__t=1389381998280&ns_c=UTF-8&c8=Sign%20up%20%7C%20Tumblr&c7=https%3A%2F%2Fwww.tumblr.com%2F&c9= -> 204 (179ms)
2014-01-10 11:26:39,614 - sauce_connect:0 - INFO - GET https://pixel.quantserve.com/pixel;r=877179084;a=p-19UtqE8ngoZbM;fpan=1;fpa=P0-1715241779-1389381998323;ns=0;ce=1;cm=;je=1;sr=1024x768x24;enc=n;dst=1;et=1389381998317;tzo=480;ref=;url=https%3A%2F%2Fwww.tumblr.com%2F;ogl= -> 200 (433ms)
2014-01-10 11:26:40,242 - sauce_connect:0 - INFO - GET https://31.media.tumblr.com/ccb658906a8467f633508084faacecd3/tumblr_mz0j88SzGQ1townu1o1_1280.jpg -> 200 (2055ms)
2014-01-10 11:26:41,148 - sauce_connect:0 - INFO - GET https://secure.assets.tumblr.com/images/favicons/favicon.ico?1 -> 200 (60ms)
2014-01-10 11:26:49,730 - sauce_connect:0 - INFO - received SIGINT
